<?xml version="1.0" encoding="UTF-8"?>
<!-- Generated by org.testng.reporters.JUnitReportReporter -->
<testsuite hostname="LAPTOP-5SL2JFF8" failures="0" tests="1" name="com.selenium.tests.UdemyTest" time="7.641" errors="0" timestamp="2023-09-07T11:18:24 CEST" skipped="0">
  <testcase classname="com.selenium.tests.UdemyTest" name="test" time="7.641"/>
</testsuite> <!-- com.selenium.tests.UdemyTest -->
